ERC report (2026-04-23T20:29:24+0300, Encoding UTF8)

***** Sheet /
[pin_not_connected]: Pin not connected
    ; error
    @(15.24 mm, 43.18 mm): Symbol U2 Pin 8 [CE, Input, Line]
[pin_not_driven]: Input pin not driven by any Output pins
    ; error
    @(15.24 mm, 43.18 mm): Symbol U2 Pin 8 [CE, Input, Line]
[pin_not_connected]: Pin not connected
    ; error
    @(15.24 mm, 48.26 mm): Symbol U2 Pin 7 [~{CHRG}, Open collector, Line]
[pin_not_connected]: Pin not connected
    ; error
    @(15.24 mm, 50.80 mm): Symbol U2 Pin 6 [~{STDBY}, Open collector, Line]
[pin_not_connected]: Pin not connected
    ; error
    @(35.56 mm, 48.26 mm): Symbol U2 Pin 1 [TEMP, Input, Line]
[pin_not_driven]: Input pin not driven by any Output pins
    ; error
    @(35.56 mm, 48.26 mm): Symbol U2 Pin 1 [TEMP, Input, Line]
[pin_not_connected]: Pin not connected
    ; error
    @(35.56 mm, 50.80 mm): Symbol U2 Pin 2 [PROG, Passive, Line]
[pin_not_connected]: Pin not connected
    ; error
    @(22.86 mm, 60.96 mm): Symbol U2 Pin 9 [EPAD, Passive, Line]
[power_pin_not_driven]: Input Power pin not driven by any Output Power pins
    ; error
    @(76.20 mm, 43.18 mm): Symbol U3 Pin 3 [VI, Power input, Line]
[pin_not_connected]: Pin not connected
    ; error
    @(44.45 mm, 81.28 mm): Symbol U1 Pin 4 [SENSOR_VP, Input, Line]
[pin_not_driven]: Input pin not driven by any Output pins
    ; error
    @(44.45 mm, 81.28 mm): Symbol U1 Pin 4 [SENSOR_VP, Input, Line]
[pin_not_connected]: Pin not connected
    ; error
    @(44.45 mm, 83.82 mm): Symbol U1 Pin 5 [SENSOR_VN, Input, Line]
[pin_not_driven]: Input pin not driven by any Output pins
    ; error
    @(44.45 mm, 83.82 mm): Symbol U1 Pin 5 [SENSOR_VN, Input, Line]
[pin_not_connected]: Pin not connected
    ; error
    @(74.93 mm, 81.28 mm): Symbol U1 Pin 24 [IO2, Bidirectional, Line]
[pin_not_connected]: Pin not connected
    ; error
    @(74.93 mm, 86.36 mm): Symbol U1 Pin 26 [IO4, Bidirectional, Line]
[pin_not_connected]: Pin not connected
    ; error
    @(44.45 mm, 106.68 mm): Symbol U1 Pin 21 [SDO/SD0, Bidirectional, Line]
[pin_not_connected]: Pin not connected
    ; error
    @(74.93 mm, 88.90 mm): Symbol U1 Pin 29 [IO5, Bidirectional, Line]
[pin_not_connected]: Pin not connected
    ; error
    @(44.45 mm, 109.22 mm): Symbol U1 Pin 22 [SDI/SD1, Bidirectional, Line]
[pin_not_connected]: Pin not connected
    ; error
    @(74.93 mm, 91.44 mm): Symbol U1 Pin 14 [IO12, Bidirectional, Line]
[pin_not_connected]: Pin not connected
    ; error
    @(74.93 mm, 93.98 mm): Symbol U1 Pin 16 [IO13, Bidirectional, Line]
[pin_not_connected]: Pin not connected
    ; error
    @(44.45 mm, 111.76 mm): Symbol U1 Pin 17 [SHD/SD2, Bidirectional, Line]
[pin_not_connected]: Pin not connected
    ; error
    @(74.93 mm, 96.52 mm): Symbol U1 Pin 13 [IO14, Bidirectional, Line]
[pin_not_connected]: Pin not connected
    ; error
    @(44.45 mm, 114.30 mm): Symbol U1 Pin 18 [SWP/SD3, Bidirectional, Line]
[pin_not_connected]: Pin not connected
    ; error
    @(74.93 mm, 99.06 mm): Symbol U1 Pin 23 [IO15, Bidirectional, Line]
[pin_not_connected]: Pin not connected
    ; error
    @(44.45 mm, 116.84 mm): Symbol U1 Pin 20 [SCK/CLK, Bidirectional, Line]
[pin_not_connected]: Pin not connected
    ; error
    @(74.93 mm, 101.60 mm): Symbol U1 Pin 27 [IO16, Bidirectional, Line]
[pin_not_connected]: Pin not connected
    ; error
    @(44.45 mm, 119.38 mm): Symbol U1 Pin 19 [SCS/CMD, Bidirectional, Line]
[pin_not_connected]: Pin not connected
    ; error
    @(74.93 mm, 104.14 mm): Symbol U1 Pin 28 [IO17, Bidirectional, Line]
[pin_not_connected]: Pin not connected
    ; error
    @(92.71 mm, 91.44 mm): Symbol U7 Pin 9 [~{RST}, Input, Line]
[pin_not_driven]: Input pin not driven by any Output pins
    ; error
    @(92.71 mm, 91.44 mm): Symbol U7 Pin 9 [~{RST}, Input, Line]
[pin_not_connected]: Pin not connected
    ; error
    @(74.93 mm, 109.22 mm): Symbol U1 Pin 31 [IO19, Bidirectional, Line]
[pin_not_connected]: Pin not connected
    ; error
    @(102.87 mm, 86.36 mm): Symbol U7 Pin 7 [VREGIN, Power input, Line]
[power_pin_not_driven]: Input Power pin not driven by any Output Power pins
    ; error
    @(102.87 mm, 86.36 mm): Symbol U7 Pin 7 [VREGIN, Power input, Line]
[pin_not_connected]: Pin not connected
    ; error
    @(74.93 mm, 111.76 mm): Symbol U1 Pin 33 [IO21, Bidirectional, Line]
[power_pin_not_driven]: Input Power pin not driven by any Output Power pins
    ; error
    @(105.41 mm, 86.36 mm): Symbol #PWR04 Pin 1 [Power input, Line]
[pin_not_connected]: Pin not connected
    ; error
    @(74.93 mm, 116.84 mm): Symbol U1 Pin 37 [IO23, Bidirectional, Line]
[pin_not_connected]: Pin not connected
    ; error
    @(92.71 mm, 104.14 mm): Symbol U7 Pin 8 [VBUS, Input, Line]
[pin_not_driven]: Input pin not driven by any Output pins
    ; error
    @(92.71 mm, 104.14 mm): Symbol U7 Pin 8 [VBUS, Input, Line]
[pin_not_connected]: Pin not connected
    ; error
    @(74.93 mm, 124.46 mm): Symbol U1 Pin 12 [IO27, Bidirectional, Line]
[pin_not_connected]: Pin not connected
    ; error
    @(74.93 mm, 127.00 mm): Symbol U1 Pin 8 [IO32, Bidirectional, Line]
[pin_not_connected]: Pin not connected
    ; error
    @(74.93 mm, 129.54 mm): Symbol U1 Pin 9 [IO33, Bidirectional, Line]
[pin_not_connected]: Pin not connected
    ; error
    @(74.93 mm, 132.08 mm): Symbol U1 Pin 6 [IO34, Input, Line]
[pin_not_driven]: Input pin not driven by any Output pins
    ; error
    @(74.93 mm, 132.08 mm): Symbol U1 Pin 6 [IO34, Input, Line]
[pin_not_connected]: Pin not connected
    ; error
    @(118.11 mm, 96.52 mm): Symbol U7 Pin 16 [~{RTS}, Output, Line]
[pin_not_connected]: Pin not connected
    ; error
    @(74.93 mm, 134.62 mm): Symbol U1 Pin 7 [IO35, Input, Line]
[pin_not_driven]: Input pin not driven by any Output pins
    ; error
    @(74.93 mm, 134.62 mm): Symbol U1 Pin 7 [IO35, Input, Line]
[pin_not_connected]: Pin not connected
    ; error
    @(118.11 mm, 99.06 mm): Symbol U7 Pin 15 [~{CTS}, Input, Line]
[pin_not_driven]: Input pin not driven by any Output pins
    ; error
    @(118.11 mm, 99.06 mm): Symbol U7 Pin 15 [~{CTS}, Input, Line]
[footprint_link_issues]: Footprint 'SiliconLabs_QFN-20-1EP_3x3mm_P0.5mm' not found in library 'Package_DFN_QFN'.
    ; warning
    @(105.41 mm, 114.30 mm): Symbol U7 [CP2102N-Axx-xQFN20]
[pin_not_connected]: Pin not connected
    ; error
    @(118.11 mm, 106.68 mm): Symbol U7 Pin 13 [~{WAKEUP}, Input, Line]
[pin_not_driven]: Input pin not driven by any Output pins
    ; error
    @(118.11 mm, 106.68 mm): Symbol U7 Pin 13 [~{WAKEUP}, Input, Line]
[pin_not_connected]: Pin not connected
    ; error
    @(118.11 mm, 114.30 mm): Symbol U7 Pin 14 [SUSPEND, Output, Line]
[pin_not_connected]: Pin not connected
    ; error
    @(118.11 mm, 116.84 mm): Symbol U7 Pin 11 [~{SUSPEND}, Output, Line]
[pin_not_connected]: Pin not connected
    ; error
    @(118.11 mm, 121.92 mm): Symbol U7 Pin 2 [CLK/GPIO.0, Bidirectional, Line]
[pin_not_connected]: Pin not connected
    ; error
    @(118.11 mm, 124.46 mm): Symbol U7 Pin 1 [RS485/GPIO.1, Bidirectional, Line]
[pin_not_connected]: Pin not connected
    ; error
    @(118.11 mm, 127.00 mm): Symbol U7 Pin 20 [~{TXT}/GPIO.2, Bidirectional, Line]
[pin_not_connected]: Pin not connected
    ; error
    @(118.11 mm, 129.54 mm): Symbol U7 Pin 19 [~{RXT}/GPIO.3, Bidirectional, Line]
[power_pin_not_driven]: Input Power pin not driven by any Output Power pins
    ; error
    @(160.02 mm, 72.39 mm): Symbol #PWR02 Pin 1 [Power input, Line]
[unconnected_wire_endpoint]: Unconnected wire endpoint
    ; warning
    @(119.38 mm, 128.27 mm): Horizontal Wire, length 2.54 mm
[pin_not_connected]: Pin not connected
    ; error
    @(156.21 mm, 97.79 mm): Symbol J1 Pin B10 [RX1-, Bidirectional, Line]
[unconnected_wire_endpoint]: Unconnected wire endpoint
    ; warning
    @(119.38 mm, 137.16 mm): Horizontal Wire, length 3.81 mm
[pin_not_connected]: Pin not connected
    ; error
    @(156.21 mm, 100.33 mm): Symbol J1 Pin B11 [RX1+, Bidirectional, Line]
[pin_to_pin]: Pins of type Output and Output are connected
    ; error
    @(87.63 mm, 165.10 mm): Symbol U5 Pin 9 [OUTP, Output, Line]
    @(87.63 mm, 167.64 mm): Symbol U5 Pin 10 [OUTN, Output, Line]
[pin_not_connected]: Pin not connected
    ; error
    @(62.23 mm, 177.80 mm): Symbol U5 Pin 2 [GAIN_SLOT, Passive, Line]
[pin_not_connected]: Pin not connected
    ; error
    @(156.21 mm, 105.41 mm): Symbol J1 Pin A3 [TX1-, Bidirectional, Line]
[pin_not_connected]: Pin not connected
    ; error
    @(156.21 mm, 107.95 mm): Symbol J1 Pin A2 [TX1+, Bidirectional, Line]
[pin_not_connected]: Pin not connected
    ; error
    @(133.35 mm, 138.43 mm): Symbol J1 Pin S1 [SHIELD, Passive, Line]
[pin_not_connected]: Pin not connected
    ; error
    @(99.06 mm, 165.10 mm): Symbol J3 Pin 1 [DAT2, Bidirectional, Line]
[pin_not_connected]: Pin not connected
    ; error
    @(156.21 mm, 113.03 mm): Symbol J1 Pin A10 [RX2-, Bidirectional, Line]
[pin_not_connected]: Pin not connected
    ; error
    @(156.21 mm, 115.57 mm): Symbol J1 Pin A11 [RX2+, Bidirectional, Line]
[pin_not_connected]: Pin not connected
    ; error
    @(99.06 mm, 167.64 mm): Symbol J3 Pin 2 [DAT3/CD, Bidirectional, Line]
[pin_not_connected]: Pin not connected
    ; error
    @(99.06 mm, 170.18 mm): Symbol J3 Pin 3 [CMD, Input, Line]
[pin_not_driven]: Input pin not driven by any Output pins
    ; error
    @(99.06 mm, 170.18 mm): Symbol J3 Pin 3 [CMD, Input, Line]
[pin_not_connected]: Pin not connected
    ; error
    @(156.21 mm, 120.65 mm): Symbol J1 Pin B3 [TX2-, Bidirectional, Line]
[pin_not_connected]: Pin not connected
    ; error
    @(156.21 mm, 123.19 mm): Symbol J1 Pin B2 [TX2+, Bidirectional, Line]
[power_pin_not_driven]: Input Power pin not driven by any Output Power pins
    ; error
    @(140.97 mm, 142.24 mm): Symbol #PWR01 Pin 1 [Power input, Line]
[pin_not_connected]: Pin not connected
    ; error
    @(77.47 mm, 185.42 mm): Symbol U5 Pin 17 [PAD, Unspecified, Line]
[pin_not_connected]: Pin not connected
    ; error
    @(156.21 mm, 128.27 mm): Symbol J1 Pin A8 [SBU1, Bidirectional, Line]
[pin_not_connected]: Pin not connected
    ; error
    @(156.21 mm, 130.81 mm): Symbol J1 Pin B8 [SBU2, Bidirectional, Line]
[pin_not_connected]: Pin not connected
    ; error
    @(99.06 mm, 180.34 mm): Symbol J3 Pin 7 [DAT0, Bidirectional, Line]
[pin_not_connected]: Pin not connected
    ; error
    @(99.06 mm, 182.88 mm): Symbol J3 Pin 8 [DAT1, Bidirectional, Line]
[pin_not_connected]: Pin not connected
    ; error
    @(214.63 mm, 59.69 mm): Symbol U6 Pin 3 [+, Input, Line]
[pin_not_driven]: Input pin not driven by any Output pins
    ; error
    @(214.63 mm, 59.69 mm): Symbol U6 Pin 3 [+, Input, Line]
[pin_not_connected]: Pin not connected
    ; error
    @(214.63 mm, 64.77 mm): Symbol U6 Pin 2 [-, Input, Line]
[pin_not_driven]: Input pin not driven by any Output pins
    ; error
    @(214.63 mm, 64.77 mm): Symbol U6 Pin 2 [-, Input, Line]
[pin_not_connected]: Pin not connected
    ; error
    @(219.71 mm, 54.61 mm): Symbol U6 Pin 6 [V+, Power input, Line]
[power_pin_not_driven]: Input Power pin not driven by any Output Power pins
    ; error
    @(219.71 mm, 54.61 mm): Symbol U6 Pin 6 [V+, Power input, Line]
[pin_not_connected]: Pin not connected
    ; error
    @(222.25 mm, 54.61 mm): Symbol U6 Pin 7 [BYPASS, Input, Line]
[pin_not_driven]: Input pin not driven by any Output pins
    ; error
    @(222.25 mm, 54.61 mm): Symbol U6 Pin 7 [BYPASS, Input, Line]
[pin_not_connected]: Pin not connected
    ; error
    @(186.69 mm, 134.62 mm): Symbol C1 Pin 1 [Passive, Line]
[pin_not_connected]: Pin not connected
    ; error
    @(219.71 mm, 69.85 mm): Symbol U6 Pin 4 [GND, Power input, Line]
[power_pin_not_driven]: Input Power pin not driven by any Output Power pins
    ; error
    @(219.71 mm, 69.85 mm): Symbol U6 Pin 4 [GND, Power input, Line]
[pin_not_connected]: Pin not connected
    ; error
    @(222.25 mm, 69.85 mm): Symbol U6 Pin 1 [GAIN, Input, Line]
[pin_not_driven]: Input pin not driven by any Output pins
    ; error
    @(222.25 mm, 69.85 mm): Symbol U6 Pin 1 [GAIN, Input, Line]
[pin_not_connected]: Pin not connected
    ; error
    @(186.69 mm, 142.24 mm): Symbol C1 Pin 2 [Passive, Line]
[pin_not_connected]: Pin not connected
    ; error
    @(224.79 mm, 69.85 mm): Symbol U6 Pin 8 [GAIN, Input, Line]
[pin_not_driven]: Input pin not driven by any Output pins
    ; error
    @(224.79 mm, 69.85 mm): Symbol U6 Pin 8 [GAIN, Input, Line]
[pin_not_connected]: Pin not connected
    ; error
    @(142.24 mm, 187.96 mm): Symbol J3 Pin 9 [SHIELD, Passive, Line]
[pin_not_connected]: Pin not connected
    ; error
    @(229.87 mm, 62.23 mm): Symbol U6 Pin 5 [Output, Line]
[pin_not_connected]: Pin not connected
    ; error
    @(204.47 mm, 124.46 mm): Symbol SW2 Pin 1 [1, Passive, Line]
[pin_not_connected]: Pin not connected
    ; error
    @(214.63 mm, 124.46 mm): Symbol SW2 Pin 2 [2, Passive, Line]
[pin_not_connected]: Pin not connected
    ; error
    @(201.93 mm, 147.32 mm): Symbol L1 Pin 1 [1, Passive, Line]
[pin_not_connected]: Pin not connected
    ; error
    @(201.93 mm, 154.94 mm): Symbol L1 Pin 2 [2, Passive, Line]
[pin_not_connected]: Pin not connected
    ; error
    @(224.79 mm, 140.97 mm): Symbol FB1 Pin 1 [Passive, Line]
[pin_not_connected]: Pin not connected
    ; error
    @(232.41 mm, 140.97 mm): Symbol FB1 Pin 2 [Passive, Line]
[pin_not_connected]: Pin not connected
    ; error
    @(267.97 mm, 137.16 mm): Symbol #FLG01 Pin 1 [Power output, Line]

 ** ERC messages: 106  Errors 103  Warnings 3
